Archs4 training set size: 167884
Gtex test set size: 2642
Shape of the archs4 dataset (hd5): (18965,)
Shape of the gtex dataset (hd5): (18965,)
>> Using device: cuda:0

------------------------------------------------------------
Sender: LSF System <lsfadmin@hpc.dtu.dk>
Subject: Job 19672391: <VAE_23/11/30> in cluster <dcc> Done

Job <VAE_23/11/30> was submitted from host <hpclogin1> by user <s222498> in cluster <dcc> at Sat Dec  2 13:09:06 2023
Job was executed on host(s) <n-62-11-13>, in queue <gpuv100>, as user <s222498> in cluster <dcc> at Sat Dec  2 13:18:21 2023
</zhome/36/6/181069> was used as the home directory.
</zhome/36/6/181069/DL_project/deep_learning_project> was used as the working directory.
Started at Sat Dec  2 13:18:21 2023
Terminated at Sat Dec  2 15:05:53 2023
Results reported at Sat Dec  2 15:05:53 2023

Your job looked like:

------------------------------------------------------------
# LSBATCH: User input
#!/bin/sh

#BSUB -q gpuv100
#BSUB -gpu "num=1"
#BSUB -J VAE_23/11/30
#BSUB -n 1
#BSUB -W 10:00
#BSUB -R "rusage[mem=16GB]"
#BSUB -o Anu_VAE_231130.out
#BSUB -e Anu_VAE_231130.err

module load python3/3.11.4
module load h5py
python3 "Anu_vae.py"

------------------------------------------------------------

Successfully completed.

Resource usage summary:

    CPU time :                                   6334.40 sec.
    Max Memory :                                 669 MB
    Average Memory :                             639.60 MB
    Total Requested Memory :                     16384.00 MB
    Delta Memory :                               15715.00 MB
    Max Swap :                                   -
    Max Processes :                              4
    Max Threads :                                11
    Run time :                                   6452 sec.
    Turnaround time :                            7007 sec.

The output (if any) is above this job summary.



PS:

Read file <Anu_VAE_231130.err> for stderr output of this job.

