Archs4 training set size: 167884
Gtex test set size: 2642
Shape of the archs4 dataset (hd5): (18965,)
Shape of the gtex dataset (hd5): (18965,)
>> Using device: cuda:0

------------------------------------------------------------
Sender: LSF System <lsfadmin@hpc.dtu.dk>
Subject: Job 19617180: <VAE_Ana> in cluster <dcc> Exited

Job <VAE_Ana> was submitted from host <gbarlogin2> by user <s222761> in cluster <dcc> at Wed Nov 29 19:15:51 2023
Job was executed on host(s) <n-62-20-13>, in queue <gpuv100>, as user <s222761> in cluster <dcc> at Wed Nov 29 19:15:53 2023
</zhome/98/3/181284> was used as the home directory.
</zhome/98/3/181284/Project29/Git_Repo/deep_learning_project> was used as the working directory.
Started at Wed Nov 29 19:15:53 2023
Terminated at Wed Nov 29 19:28:47 2023
Results reported at Wed Nov 29 19:28:47 2023

Your job looked like:

------------------------------------------------------------
# LSBATCH: User input
#!/bin/sh

#BSUB -q gpuv100
#BSUB -gpu "num=1"
#BSUB -J VAE_Ana
#BSUB -n 1
#BSUB -W 01:00
#BSUB -R "rusage[mem=16GB]"
#BSUB -o VAE_Ana.out
#BSUB -e VAE_Ana.err

module load python3/3.11.4
module load h5py
python3 "231113_VAE.py"

------------------------------------------------------------

Exited with exit code 1.

Resource usage summary:

    CPU time :                                   62.68 sec.
    Max Memory :                                 602 MB
    Average Memory :                             565.38 MB
    Total Requested Memory :                     16384.00 MB
    Delta Memory :                               15782.00 MB
    Max Swap :                                   -
    Max Processes :                              4
    Max Threads :                                11
    Run time :                                   801 sec.
    Turnaround time :                            776 sec.

The output (if any) is above this job summary.



PS:

Read file <VAE_Ana.err> for stderr output of this job.

Archs4 training set size: 167884
Gtex test set size: 2642
Shape of the archs4 dataset (hd5): (18965,)
Shape of the gtex dataset (hd5): (18965,)
>> Using device: cuda:0

------------------------------------------------------------
Sender: LSF System <lsfadmin@hpc.dtu.dk>
Subject: Job 19620699: <VAE_Ana> in cluster <dcc> Exited

Job <VAE_Ana> was submitted from host <gbarlogin2> by user <s222761> in cluster <dcc> at Thu Nov 30 02:11:01 2023
Job was executed on host(s) <n-62-20-11>, in queue <gpuv100>, as user <s222761> in cluster <dcc> at Thu Nov 30 02:11:02 2023
</zhome/98/3/181284> was used as the home directory.
</zhome/98/3/181284/Project29/Git_Repo/deep_learning_project> was used as the working directory.
Started at Thu Nov 30 02:11:02 2023
Terminated at Thu Nov 30 02:23:51 2023
Results reported at Thu Nov 30 02:23:51 2023

Your job looked like:

------------------------------------------------------------
# LSBATCH: User input
#!/bin/sh

#BSUB -q gpuv100
#BSUB -gpu "num=1"
#BSUB -J VAE_Ana
#BSUB -n 1
#BSUB -W 05:00
#BSUB -R "rusage[mem=16GB]"
#BSUB -o VAE_Ana.out
#BSUB -e VAE_Ana.err

module load python3/3.11.4
module load h5py
python3 "ANA_VAE_metrics.py"

------------------------------------------------------------

Exited with exit code 1.

Resource usage summary:

    CPU time :                                   54.39 sec.
    Max Memory :                                 620 MB
    Average Memory :                             560.00 MB
    Total Requested Memory :                     16384.00 MB
    Delta Memory :                               15764.00 MB
    Max Swap :                                   -
    Max Processes :                              4
    Max Threads :                                11
    Run time :                                   785 sec.
    Turnaround time :                            770 sec.

The output (if any) is above this job summary.



PS:

Read file <VAE_Ana.err> for stderr output of this job.

