Loaded dependency [python3/3.11.4]: gcc/12.3.0-binutils-2.40
Loaded dependency [python3/3.11.4]: sqlite3/3.42.0
Loaded module: python3/3.11.4

Loading python3/3.11.4
  Loading requirement: gcc/12.3.0-binutils-2.40 sqlite3/3.42.0
Loaded dependency [numpy/1.24.3-python-3.11.4-openblas-0.3.23]: openblas/0.3.23
Loaded dependency [h5py/3.8.0-python-3.11.4]: numpy/1.24.3-python-3.11.4-openblas-0.3.23
Loaded dependency [h5py/3.8.0-python-3.11.4]: hdf5/1.12.2-gcc-11.3.0
Loaded module: h5py/3.8.0-python-3.11.4

Loading h5py/3.8.0-python-3.11.4
  Loading requirement: openblas/0.3.23
    numpy/1.24.3-python-3.11.4-openblas-0.3.23 hdf5/1.12.2-gcc-11.3.0
Traceback (most recent call last):
  File "/zhome/e7/a/181331/deep_learning_project/scripts_NN/CSL_FFNN_BS_1HL.py", line 13, in <module>
    from tqdm import tqdm
ModuleNotFoundError: No module named 'tqdm'
Loaded dependency [python3/3.11.4]: gcc/12.3.0-binutils-2.40
Loaded dependency [python3/3.11.4]: sqlite3/3.42.0
Loaded module: python3/3.11.4

Loading python3/3.11.4
  Loading requirement: gcc/12.3.0-binutils-2.40 sqlite3/3.42.0
Loaded dependency [numpy/1.24.3-python-3.11.4-openblas-0.3.23]: openblas/0.3.23
Loaded dependency [h5py/3.8.0-python-3.11.4]: numpy/1.24.3-python-3.11.4-openblas-0.3.23
Loaded dependency [h5py/3.8.0-python-3.11.4]: hdf5/1.12.2-gcc-11.3.0
Loaded module: h5py/3.8.0-python-3.11.4

Loading h5py/3.8.0-python-3.11.4
  Loading requirement: openblas/0.3.23
    numpy/1.24.3-python-3.11.4-openblas-0.3.23 hdf5/1.12.2-gcc-11.3.0
Traceback (most recent call last):
  File "/zhome/e7/a/181331/deep_learning_project/scripts_NN/CSL_FFNN_BS_1HL.py", line 19, in <module>
    from tqdm import tqdm
ModuleNotFoundError: No module named 'tqdm'
