Archs4 training set size: 167884
Gtex test set size: 2642
Shape of the archs4 dataset (hd5): (18965,)
Shape of the gtex dataset (hd5): (18965,)
self.observation_features

------------------------------------------------------------
Sender: LSF System <lsfadmin@hpc.dtu.dk>
Subject: Job 19702140: <Lat_feat_v3> in cluster <dcc> Exited

Job <Lat_feat_v3> was submitted from host <hpclogin1> by user <s222797> in cluster <dcc> at Wed Dec  6 07:41:24 2023
Job was executed on host(s) <n-62-20-6>, in queue <gpuv100>, as user <s222797> in cluster <dcc> at Wed Dec  6 07:41:25 2023
</zhome/e7/a/181331> was used as the home directory.
</zhome/e7/a/181331/deep_learning_project/scripts_VAE> was used as the working directory.
Started at Wed Dec  6 07:41:25 2023
Terminated at Wed Dec  6 07:42:51 2023
Results reported at Wed Dec  6 07:42:51 2023

Your job looked like:

------------------------------------------------------------
# LSBATCH: User input
#!/bin/sh

#BSUB -q gpuv100
#BSUB -gpu "num=1"
#BSUB -J Lat_feat_v3
#BSUB -n 1
#BSUB -W 24:00
#BSUB -R "rusage[mem=16GB]"
#BSUB -o ../Log_out_files/try.out
#BSUB -e ../Log_out_files/try.err

module load python3/3.11.4
module load h5py
python3 "try.py"

------------------------------------------------------------

Exited with exit code 1.

Resource usage summary:

    CPU time :                                   7.60 sec.
    Max Memory :                                 65 MB
    Average Memory :                             65.00 MB
    Total Requested Memory :                     16384.00 MB
    Delta Memory :                               16319.00 MB
    Max Swap :                                   -
    Max Processes :                              4
    Max Threads :                                5
    Run time :                                   105 sec.
    Turnaround time :                            87 sec.

The output (if any) is above this job summary.



PS:

Read file <../Log_out_files/try.err> for stderr output of this job.

Archs4 training set size: 167884
Gtex test set size: 2642
Shape of the archs4 dataset (hd5): (18965,)
Shape of the gtex dataset (hd5): (18965,)
self.observation_features
Observation features: 18965
>> Using device: cpu
Sample 1 - Original: [2.0840642e+00 2.7333543e+00 3.4482849e-01 9.9999999e-09 9.9999999e-09
 5.4596835e-01 1.0000000e+00 4.7618170e+00 6.3312755e+00 9.3357265e-01]
Sample 1 - Reconstructed: [2.3901618  0.07752568 0.1123656  0.2144509  0.00261119 1.8920128
 0.00819444 0.55696535 2.1432323  0.00927765]
Sample 2 - Original: [1.88752532e+00 3.27500701e+00 1.24328144e-01 9.99999994e-09
 9.99999994e-09 1.54596841e+00 3.23725772e+00 4.99276829e+00
 4.74038792e+00 1.63226819e+00]
Sample 2 - Reconstructed: [3.0687416e-01 3.2456899e-01 4.1591832e-01 5.5690408e-01 1.0455172e-03
 4.5031059e-01 5.2848407e-03 7.5258583e-01 6.1357799e+00 3.2160080e-03]
Sample 3 - Original: [1.5360529e+00 3.0600474e+00 4.2223302e-01 9.9999999e-09 9.9999999e-09
 5.9454852e-01 2.5753124e+00 5.1803069e+00 4.7054253e+00 1.9745293e+00]
Sample 3 - Reconstructed: [1.2048981e+01 6.1738387e-02 2.8913236e-01 2.4113046e-01 1.6249444e-02
 8.7526754e-02 6.9178487e-03 2.8360045e+00 1.3172530e+00 3.5721222e-03]
Sample 4 - Original: [2.1440463e+00 4.2456479e+00 4.4360664e-01 9.9999999e-09 9.9999999e-09
 1.7632279e-01 2.7180877e+00 4.2979250e+00 4.5855637e+00 2.1143670e+00]
Sample 4 - Reconstructed: [1.0238205e+01 4.0606916e-01 8.5122891e-02 3.4349814e-01 6.9349403e-03
 4.5064940e+00 1.7599361e-03 4.7677779e+00 1.2054336e+00 3.2505891e-03]
Sample 5 - Original: [1.31614578e+00 4.23802233e+00 1.24328144e-01 9.99999994e-09
 9.99999994e-09 1.76322788e-01 2.55336046e+00 3.32481050e+00
 3.86393833e+00 1.46988595e+00]
Sample 5 - Reconstructed: [9.4635415e-01 2.5071161e-02 7.7486098e-01 4.1689634e+00 4.1381600e-03
 9.0590231e-02 1.6177489e-03 1.5693791e+00 8.3134604e-01 1.8339461e-03]
Sample 1 - Original: [1.0143553e+00 2.3589587e+00 2.2650854e-01 9.9999999e-09 9.9999999e-09
 9.7819561e-01 2.2203300e+00 4.9740705e+00 5.5828571e+00 1.3840498e+00]
Sample 1 - Reconstructed: [3.2051983e+00 1.6095583e+00 2.6737051e+00 2.8403625e+00 1.7409383e-03
 7.1918535e+00 5.3739916e-03 1.9802282e+00 6.9354659e-01 5.8052419e-03]
Sample 2 - Original: [2.37016439e+00 4.13257694e+00 6.69026792e-01 9.99999994e-09
 9.99999994e-09 1.11031316e-01 2.58496261e+00 4.54720306e+00
 4.57167673e+00 1.83187723e+00]
Sample 2 - Reconstructed: [1.6473619e+00 9.8243868e-01 9.9244270e+00 2.2818642e+00 1.7474396e-03
 4.6483293e+00 3.1067266e-03 1.1094948e+01 8.7479086e+00 2.3047007e-03]
Sample 3 - Original: [1.1953475e+00 2.9927685e+00 4.2223302e-01 9.9999999e-09 9.9999999e-09
 5.0589091e-01 2.5655971e+00 5.3705130e+00 4.8504996e+00 1.5753124e+00]
Sample 3 - Reconstructed: [5.20769310e+00 1.08524255e-01 2.18614960e+00 1.05652761e+00
 2.90572294e-03 4.99078083e+00 3.48959900e-02 1.64714241e+00
 5.08907127e+00 3.25452234e-03]
Sample 4 - Original: [1.5993178e+00 4.0815101e+00 2.3878688e-01 9.9999999e-09 9.9999999e-09
 4.5417589e-01 2.2295880e+00 5.2137361e+00 7.4602513e+00 9.9276841e-01]
Sample 4 - Reconstructed: [1.3690424e+01 3.9731076e-01 9.3307501e-01 1.6848974e+00 3.8195555e-03
 2.0566616e+00 4.3378898e-04 1.1681750e+00 4.7342091e+00 1.4328744e-02]
Sample 5 - Original: [2.0669503e+00 3.6610656e+00 2.1412481e-01 9.9999999e-09 9.9999999e-09
 2.2650854e-01 3.2883584e+00 4.1890340e+00 4.5052557e+00 1.9335726e+00]
Sample 5 - Reconstructed: [1.43981361e+00 5.50247788e-01 3.07169580e+00 4.77408558e-01
 3.49007291e-03 4.02871561e+00 1.37306191e-03 1.86822319e+00
 6.15484047e+00 1.15821725e-02]

Metrics calculation:

Plots representation:

------------------------------------------------------------
Sender: LSF System <lsfadmin@hpc.dtu.dk>
Subject: Job 19702158: <Lat_feat_v3> in cluster <dcc> Done

Job <Lat_feat_v3> was submitted from host <hpclogin1> by user <s222797> in cluster <dcc> at Wed Dec  6 07:51:36 2023
Job was executed on host(s) <n-62-20-6>, in queue <gpuv100>, as user <s222797> in cluster <dcc> at Wed Dec  6 07:51:37 2023
</zhome/e7/a/181331> was used as the home directory.
</zhome/e7/a/181331/deep_learning_project/scripts_VAE> was used as the working directory.
Started at Wed Dec  6 07:51:37 2023
Terminated at Wed Dec  6 08:05:12 2023
Results reported at Wed Dec  6 08:05:12 2023

Your job looked like:

------------------------------------------------------------
# LSBATCH: User input
#!/bin/sh

#BSUB -q gpuv100
#BSUB -gpu "num=1"
#BSUB -J Lat_feat_v3
#BSUB -n 1
#BSUB -W 24:00
#BSUB -R "rusage[mem=16GB]"
#BSUB -o ../Log_out_files/try.out
#BSUB -e ../Log_out_files/try.err

module load python3/3.11.4
module load h5py
python3 "try.py"

------------------------------------------------------------

Successfully completed.

Resource usage summary:

    CPU time :                                   1796.88 sec.
    Max Memory :                                 7438 MB
    Average Memory :                             5939.38 MB
    Total Requested Memory :                     16384.00 MB
    Delta Memory :                               8946.00 MB
    Max Swap :                                   -
    Max Processes :                              4
    Max Threads :                                10
    Run time :                                   822 sec.
    Turnaround time :                            816 sec.

The output (if any) is above this job summary.



PS:

Read file <../Log_out_files/try.err> for stderr output of this job.

Archs4 training set size: 167884
Gtex test set size: 2642
Shape of the archs4 dataset (hd5): (18965,)
Shape of the gtex dataset (hd5): (18965,)
self.observation_features
Observation features: 18965
>> Using device: cpu
Sample 1 - Original: [2.5825560e+00 2.2750070e+00 3.1034011e-01 9.9999999e-09 9.9999999e-09
 2.1412481e-01 3.7103932e+00 4.3497901e+00 4.6235156e+00 2.1858666e+00]
Sample 1 - Reconstructed: [0.5901549  2.6257463  0.12947248 0.0793422  0.06971044 0.58179086
 0.07728523 1.1033958  7.9781585  0.01389964]
Sample 2 - Original: [2.2509615e+00 4.3384242e+00 2.7500704e-01 9.9999999e-09 9.9999999e-09
 2.1412481e-01 2.1602747e+00 4.7797852e+00 4.7506065e+00 2.3923175e+00]
Sample 2 - Reconstructed: [1.1374611  0.25856823 3.7456927  1.1253526  0.0064782  0.12030864
 0.00556155 3.692173   0.3956302  0.02395658]
Sample 3 - Original: [1.9560566e+00 6.6277528e+00 2.3878688e-01 9.9999999e-09 9.9999999e-09
 5.7531232e-01 3.7803102e+00 6.2723966e+00 5.1342211e+00 2.0600474e+00]
Sample 3 - Reconstructed: [6.27578    0.52900016 0.67195463 0.68737376 0.01450293 1.8698423
 0.01893527 2.6679099  0.2740007  0.01340888]
Sample 4 - Original: [1.95605659e+00 4.25398922e+00 1.24328144e-01 9.99999994e-09
 9.99999994e-09 4.75084871e-01 1.97085369e+00 4.51601505e+00
 6.59006310e+00 1.10433662e+00]
Sample 4 - Reconstructed: [0.49009815 0.13485369 1.4733809  1.786503   0.01834211 0.19167297
 0.08600318 3.1203537  1.3495739  0.00788128]
Sample 5 - Original: [1.6135317e+00 3.3001237e+00 1.8903384e-01 9.9999999e-09 9.9999999e-09
 9.7610801e-02 2.5260689e+00 3.5521312e+00 3.9088130e+00 2.0179219e+00]
Sample 5 - Reconstructed: [6.2123055e+00 1.7534007e-01 2.4912296e-01 1.4604768e-01 3.6517533e-03
 2.8666821e+00 5.1155165e-02 1.9571614e-01 7.0699406e-01 1.6135518e-02]
Sample 1 - Original: [1.3391374e+00 3.0942361e+00 4.4360664e-01 9.9999999e-09 9.9999999e-09
 5.5581617e-01 2.0391383e+00 4.8344078e+00 4.8058085e+00 1.8073549e+00]
Sample 1 - Reconstructed: [3.8112347  0.45800412 3.0000408  1.0641395  0.06765435 0.3600334
 0.29508206 0.67548215 2.217502   0.13351178]
Sample 2 - Original: [1.1505597e+00 3.1407785e+00 4.0053794e-01 9.9999999e-09 9.9999999e-09
 9.7610801e-02 2.3895669e+00 3.4802651e+00 3.8114710e+00 1.4646683e+00]
Sample 2 - Reconstructed: [1.5306172  0.45508248 0.19479854 0.12035744 0.03448246 0.49670944
 0.12800252 1.3458629  3.7562308  0.0920401 ]
Sample 3 - Original: [1.9411063e+00 2.9068906e+00 1.4382929e+00 9.9999999e-09 9.9999999e-09
 2.8688115e-01 2.5801456e+00 3.9882302e+00 4.3059707e+00 1.4698859e+00]
Sample 3 - Reconstructed: [0.39087254 0.07266614 0.9050951  1.1501136  0.33949783 1.8186535
 0.01826485 5.981192   8.132614   0.06026208]
Sample 4 - Original: [1.4541759e+00 3.0548484e+00 8.4064275e-02 9.9999999e-09 9.9999999e-09
 9.8550045e-01 2.1210153e+00 5.9195786e+00 5.1415963e+00 1.9107326e+00]
Sample 4 - Reconstructed: [1.748478   0.8203151  0.34529632 0.3046811  0.02425262 0.42047805
 0.01925121 0.8584717  1.3402817  0.01947743]
Sample 5 - Original: [1.8875253e+00 3.5484366e+00 9.9999999e-09 9.9999999e-09 9.9999999e-09
 3.7851164e-01 1.4382929e+00 4.4976125e+00 6.3467798e+00 1.2986584e+00]
Sample 5 - Reconstructed: [0.9814264  0.07728577 0.6262217  0.19552352 0.02243162 0.8025557
 0.0253422  0.8178238  1.1609526  0.08471271]

Metrics calculation:

Plots representation:

------------------------------------------------------------
Sender: LSF System <lsfadmin@hpc.dtu.dk>
Subject: Job 19702339: <Lat_feat_v3> in cluster <dcc> Done

Job <Lat_feat_v3> was submitted from host <hpclogin1> by user <s222797> in cluster <dcc> at Wed Dec  6 09:03:42 2023
Job was executed on host(s) <n-62-20-6>, in queue <gpuv100>, as user <s222797> in cluster <dcc> at Wed Dec  6 09:03:42 2023
</zhome/e7/a/181331> was used as the home directory.
</zhome/e7/a/181331/deep_learning_project/scripts_VAE> was used as the working directory.
Started at Wed Dec  6 09:03:42 2023
Terminated at Wed Dec  6 09:16:39 2023
Results reported at Wed Dec  6 09:16:39 2023

Your job looked like:

------------------------------------------------------------
# LSBATCH: User input
#!/bin/sh

#BSUB -q gpuv100
#BSUB -gpu "num=1"
#BSUB -J Lat_feat_v3
#BSUB -n 1
#BSUB -W 24:00
#BSUB -R "rusage[mem=16GB]"
#BSUB -o ../Log_out_files/try.out
#BSUB -e ../Log_out_files/try.err

module load python3/3.11.4
module load h5py
python3 "try.py"

------------------------------------------------------------

Successfully completed.

Resource usage summary:

    CPU time :                                   1807.52 sec.
    Max Memory :                                 7224 MB
    Average Memory :                             6080.88 MB
    Total Requested Memory :                     16384.00 MB
    Delta Memory :                               9160.00 MB
    Max Swap :                                   4 MB
    Max Processes :                              4
    Max Threads :                                10
    Run time :                                   862 sec.
    Turnaround time :                            777 sec.

The output (if any) is above this job summary.



PS:

Read file <../Log_out_files/try.err> for stderr output of this job.

