
------------------------------------------------------------
Sender: LSF System <lsfadmin@hpc.dtu.dk>
Subject: Job 19702394: <Try2> in cluster <dcc> Exited

Job <Try2> was submitted from host <hpclogin1> by user <s222797> in cluster <dcc> at Wed Dec  6 09:21:18 2023
Job was executed on host(s) <n-62-11-14>, in queue <gpuv100>, as user <s222797> in cluster <dcc> at Wed Dec  6 09:21:18 2023
</zhome/e7/a/181331> was used as the home directory.
</zhome/e7/a/181331/deep_learning_project/scripts_VAE> was used as the working directory.
Started at Wed Dec  6 09:21:18 2023
Terminated at Wed Dec  6 09:21:32 2023
Results reported at Wed Dec  6 09:21:32 2023

Your job looked like:

------------------------------------------------------------
# LSBATCH: User input
#!/bin/sh

#BSUB -q gpuv100
#BSUB -gpu "num=1"
#BSUB -J Try2
#BSUB -n 1
#BSUB -W 24:00
#BSUB -R "rusage[mem=16GB]"
#BSUB -o ../Log_out_files/try2.out
#BSUB -e ../Log_out_files/try2.err

module load python3/3.11.4
module load h5py
python3 "try2.py"

------------------------------------------------------------

Exited with exit code 1.

Resource usage summary:

    CPU time :                                   5.20 sec.
    Max Memory :                                 294 MB
    Average Memory :                             294.00 MB
    Total Requested Memory :                     16384.00 MB
    Delta Memory :                               16090.00 MB
    Max Swap :                                   -
    Max Processes :                              4
    Max Threads :                                5
    Run time :                                   59 sec.
    Turnaround time :                            14 sec.

The output (if any) is above this job summary.



PS:

Read file <../Log_out_files/try2.err> for stderr output of this job.


------------------------------------------------------------
Sender: LSF System <lsfadmin@hpc.dtu.dk>
Subject: Job 19702396: <Try2> in cluster <dcc> Exited

Job <Try2> was submitted from host <hpclogin1> by user <s222797> in cluster <dcc> at Wed Dec  6 09:22:25 2023
Job was executed on host(s) <n-62-20-7>, in queue <gpuv100>, as user <s222797> in cluster <dcc> at Wed Dec  6 09:22:26 2023
</zhome/e7/a/181331> was used as the home directory.
</zhome/e7/a/181331/deep_learning_project/scripts_VAE> was used as the working directory.
Started at Wed Dec  6 09:22:26 2023
Terminated at Wed Dec  6 09:22:37 2023
Results reported at Wed Dec  6 09:22:37 2023

Your job looked like:

------------------------------------------------------------
# LSBATCH: User input
#!/bin/sh

#BSUB -q gpuv100
#BSUB -gpu "num=1"
#BSUB -J Try2
#BSUB -n 1
#BSUB -W 24:00
#BSUB -R "rusage[mem=16GB]"
#BSUB -o ../Log_out_files/try2.out
#BSUB -e ../Log_out_files/try2.err

module load python3/3.11.4
module load h5py
python3 "try2.py"

------------------------------------------------------------

Exited with exit code 1.

Resource usage summary:

    CPU time :                                   4.14 sec.
    Max Memory :                                 -
    Average Memory :                             -
    Total Requested Memory :                     16384.00 MB
    Delta Memory :                               -
    Max Swap :                                   -
    Max Processes :                              -
    Max Threads :                                -
    Run time :                                   42 sec.
    Turnaround time :                            12 sec.

The output (if any) is above this job summary.



PS:

Read file <../Log_out_files/try2.err> for stderr output of this job.


------------------------------------------------------------
Sender: LSF System <lsfadmin@hpc.dtu.dk>
Subject: Job 19702401: <Try2> in cluster <dcc> Exited

Job <Try2> was submitted from host <hpclogin1> by user <s222797> in cluster <dcc> at Wed Dec  6 09:25:27 2023
Job was executed on host(s) <n-62-20-6>, in queue <gpuv100>, as user <s222797> in cluster <dcc> at Wed Dec  6 09:31:04 2023
</zhome/e7/a/181331> was used as the home directory.
</zhome/e7/a/181331/deep_learning_project/scripts_VAE> was used as the working directory.
Started at Wed Dec  6 09:31:04 2023
Terminated at Wed Dec  6 09:31:20 2023
Results reported at Wed Dec  6 09:31:20 2023

Your job looked like:

------------------------------------------------------------
# LSBATCH: User input
#!/bin/sh

#BSUB -q gpuv100
#BSUB -gpu "num=1"
#BSUB -J Try2
#BSUB -n 1
#BSUB -W 24:00
#BSUB -R "rusage[mem=16GB]"
#BSUB -o ../Log_out_files/try2.out
#BSUB -e ../Log_out_files/try2.err

module load python3/3.11.4
module load h5py
python3 "try2.py"

------------------------------------------------------------

Exited with exit code 1.

Resource usage summary:

    CPU time :                                   4.36 sec.
    Max Memory :                                 303 MB
    Average Memory :                             303.00 MB
    Total Requested Memory :                     16384.00 MB
    Delta Memory :                               16081.00 MB
    Max Swap :                                   -
    Max Processes :                              4
    Max Threads :                                5
    Run time :                                   16 sec.
    Turnaround time :                            353 sec.

The output (if any) is above this job summary.



PS:

Read file <../Log_out_files/try2.err> for stderr output of this job.


------------------------------------------------------------
Sender: LSF System <lsfadmin@hpc.dtu.dk>
Subject: Job 19702439: <Try2> in cluster <dcc> Done

Job <Try2> was submitted from host <hpclogin1> by user <s222797> in cluster <dcc> at Wed Dec  6 09:32:56 2023
Job was executed on host(s) <n-62-20-6>, in queue <gpuv100>, as user <s222797> in cluster <dcc> at Wed Dec  6 09:32:58 2023
</zhome/e7/a/181331> was used as the home directory.
</zhome/e7/a/181331/deep_learning_project/scripts_VAE> was used as the working directory.
Started at Wed Dec  6 09:32:58 2023
Terminated at Wed Dec  6 09:33:13 2023
Results reported at Wed Dec  6 09:33:13 2023

Your job looked like:

------------------------------------------------------------
# LSBATCH: User input
#!/bin/sh

#BSUB -q gpuv100
#BSUB -gpu "num=1"
#BSUB -J Try2
#BSUB -n 1
#BSUB -W 24:00
#BSUB -R "rusage[mem=16GB]"
#BSUB -o ../Log_out_files/try2.out
#BSUB -e ../Log_out_files/try2.err

module load python3/3.11.4
module load h5py
python3 "try2.py"

------------------------------------------------------------

Successfully completed.

Resource usage summary:

    CPU time :                                   4.47 sec.
    Max Memory :                                 298 MB
    Average Memory :                             298.00 MB
    Total Requested Memory :                     16384.00 MB
    Delta Memory :                               16086.00 MB
    Max Swap :                                   -
    Max Processes :                              4
    Max Threads :                                5
    Run time :                                   112 sec.
    Turnaround time :                            17 sec.

The output (if any) is above this job summary.



PS:

Read file <../Log_out_files/try2.err> for stderr output of this job.

