Loaded dependency [python3/3.11.4]: gcc/12.3.0-binutils-2.40
Loaded dependency [python3/3.11.4]: sqlite3/3.42.0
Loaded module: python3/3.11.4

Loading python3/3.11.4
  Loading requirement: gcc/12.3.0-binutils-2.40 sqlite3/3.42.0
Loaded dependency [numpy/1.24.3-python-3.11.4-openblas-0.3.23]: openblas/0.3.23
Loaded dependency [h5py/3.8.0-python-3.11.4]: numpy/1.24.3-python-3.11.4-openblas-0.3.23
Loaded dependency [h5py/3.8.0-python-3.11.4]: hdf5/1.12.2-gcc-11.3.0
Loaded module: h5py/3.8.0-python-3.11.4

Loading h5py/3.8.0-python-3.11.4
  Loading requirement: openblas/0.3.23
    numpy/1.24.3-python-3.11.4-openblas-0.3.23 hdf5/1.12.2-gcc-11.3.0
Traceback (most recent call last):
  File "/zhome/5a/4/181325/deep_learning/deep_learning_project/scripts_VAE/CSL_231202_VAE.py", line 307, in <module>
    loss, diagnostics, outputs = vi(vae, x)
                                 ^^^^^^^^^^
  File "/zhome/5a/4/181325/.local/lib/python3.11/site-packages/torch/nn/modules/module.py", line 1518, in _wrapped_call_impl
    return self._call_impl(*args, **kwargs)
           ^^^^^^^^^^^^^^^^^^^^^^^^^^^^^^^^
  File "/zhome/5a/4/181325/.local/lib/python3.11/site-packages/torch/nn/modules/module.py", line 1527, in _call_impl
    return forward_call(*args, **kwargs)
           ^^^^^^^^^^^^^^^^^^^^^^^^^^^^^
  File "/zhome/5a/4/181325/deep_learning/deep_learning_project/scripts_VAE/CSL_231202_VAE.py", line 181, in forward
    outputs = model(x)
              ^^^^^^^^
  File "/zhome/5a/4/181325/.local/lib/python3.11/site-packages/torch/nn/modules/module.py", line 1518, in _wrapped_call_impl
    return self._call_impl(*args, **kwargs)
           ^^^^^^^^^^^^^^^^^^^^^^^^^^^^^^^^
  File "/zhome/5a/4/181325/.local/lib/python3.11/site-packages/torch/nn/modules/module.py", line 1527, in _call_impl
    return forward_call(*args, **kwargs)
           ^^^^^^^^^^^^^^^^^^^^^^^^^^^^^
  File "/zhome/5a/4/181325/deep_learning/deep_learning_project/scripts_VAE/CSL_231202_VAE.py", line 140, in forward
    qz = self.posterior(x)
         ^^^^^^^^^^^^^^^^^
  File "/zhome/5a/4/181325/deep_learning/deep_learning_project/scripts_VAE/CSL_231202_VAE.py", line 112, in posterior
    h_x = self.encoder(x)
          ^^^^^^^^^^^^^^^
  File "/zhome/5a/4/181325/.local/lib/python3.11/site-packages/torch/nn/modules/module.py", line 1518, in _wrapped_call_impl
    return self._call_impl(*args, **kwargs)
           ^^^^^^^^^^^^^^^^^^^^^^^^^^^^^^^^
  File "/zhome/5a/4/181325/.local/lib/python3.11/site-packages/torch/nn/modules/module.py", line 1527, in _call_impl
    return forward_call(*args, **kwargs)
           ^^^^^^^^^^^^^^^^^^^^^^^^^^^^^
  File "/zhome/5a/4/181325/.local/lib/python3.11/site-packages/torch/nn/modules/container.py", line 215, in forward
    input = module(input)
            ^^^^^^^^^^^^^
  File "/zhome/5a/4/181325/.local/lib/python3.11/site-packages/torch/nn/modules/module.py", line 1518, in _wrapped_call_impl
    return self._call_impl(*args, **kwargs)
           ^^^^^^^^^^^^^^^^^^^^^^^^^^^^^^^^
  File "/zhome/5a/4/181325/.local/lib/python3.11/site-packages/torch/nn/modules/module.py", line 1527, in _call_impl
    return forward_call(*args, **kwargs)
           ^^^^^^^^^^^^^^^^^^^^^^^^^^^^^
  File "/zhome/5a/4/181325/.local/lib/python3.11/site-packages/torch/nn/modules/linear.py", line 114, in forward
    return F.linear(input, self.weight, self.bias)
           ^^^^^^^^^^^^^^^^^^^^^^^^^^^^^^^^^^^^^^^
KeyboardInterrupt
Loaded dependency [python3/3.11.4]: gcc/12.3.0-binutils-2.40
Loaded dependency [python3/3.11.4]: sqlite3/3.42.0
Loaded module: python3/3.11.4

Loading python3/3.11.4
  Loading requirement: gcc/12.3.0-binutils-2.40 sqlite3/3.42.0
Loaded dependency [numpy/1.24.3-python-3.11.4-openblas-0.3.23]: openblas/0.3.23
Loaded dependency [h5py/3.8.0-python-3.11.4]: numpy/1.24.3-python-3.11.4-openblas-0.3.23
Loaded dependency [h5py/3.8.0-python-3.11.4]: hdf5/1.12.2-gcc-11.3.0
Loaded module: h5py/3.8.0-python-3.11.4

Loading h5py/3.8.0-python-3.11.4
  Loading requirement: openblas/0.3.23
    numpy/1.24.3-python-3.11.4-openblas-0.3.23 hdf5/1.12.2-gcc-11.3.0
Traceback (most recent call last):
  File "/zhome/5a/4/181325/deep_learning/deep_learning_project/scripts_VAE/CSL_231202_VAE.py", line 329, in <module>
    x = next(iter(gtex_test_dataloader))
        ^^^^^^^^^^^^^^^^^^^^^^^^^^^^^^^^
  File "/zhome/5a/4/181325/.local/lib/python3.11/site-packages/torch/utils/data/dataloader.py", line 630, in __next__
    data = self._next_data()
           ^^^^^^^^^^^^^^^^^
  File "/zhome/5a/4/181325/.local/lib/python3.11/site-packages/torch/utils/data/dataloader.py", line 674, in _next_data
    data = self._dataset_fetcher.fetch(index)  # may raise StopIteration
           ^^^^^^^^^^^^^^^^^^^^^^^^^^^^^^^^^^
  File "/zhome/5a/4/181325/.local/lib/python3.11/site-packages/torch/utils/data/_utils/fetch.py", line 51, in fetch
    data = [self.dataset[idx] for idx in possibly_batched_index]
           ^^^^^^^^^^^^^^^^^^^^^^^^^^^^^^^^^^^^^^^^^^^^^^^^^^^^^
  File "/zhome/5a/4/181325/.local/lib/python3.11/site-packages/torch/utils/data/_utils/fetch.py", line 51, in <listcomp>
    data = [self.dataset[idx] for idx in possibly_batched_index]
            ~~~~~~~~~~~~^^^^^
  File "/zhome/5a/4/181325/deep_learning/deep_learning_project/scripts_VAE/IsoDatasets.py", line 58, in __getitem__
    return self.dset_gene[self.idxs[idx]], self.dset_isoform[self.idxs[idx]]
                                           ~~~~~~~~~~~~~~~~~^^^^^^^^^^^^^^^^
  File "h5py/_objects.pyx", line 54, in h5py._objects.with_phil.wrapper
  File "h5py/_objects.pyx", line 55, in h5py._objects.with_phil.wrapper
  File "/appl/h5py/3.8.0-python-3.11.4/lib/python3.11/site-packages/h5py/_hl/dataset.py", line 768, in __getitem__
    return self._fast_reader.read(args)
           ^^^^^^^^^^^^^^^^^^^^^^^^^^^^
KeyboardInterrupt
Loaded dependency [python3/3.11.4]: gcc/12.3.0-binutils-2.40
Loaded dependency [python3/3.11.4]: sqlite3/3.42.0
Loaded module: python3/3.11.4

Loading python3/3.11.4
  Loading requirement: gcc/12.3.0-binutils-2.40 sqlite3/3.42.0
Loaded dependency [numpy/1.24.3-python-3.11.4-openblas-0.3.23]: openblas/0.3.23
Loaded dependency [h5py/3.8.0-python-3.11.4]: numpy/1.24.3-python-3.11.4-openblas-0.3.23
Loaded dependency [h5py/3.8.0-python-3.11.4]: hdf5/1.12.2-gcc-11.3.0
Loaded module: h5py/3.8.0-python-3.11.4

Loading h5py/3.8.0-python-3.11.4
  Loading requirement: openblas/0.3.23
    numpy/1.24.3-python-3.11.4-openblas-0.3.23 hdf5/1.12.2-gcc-11.3.0
