Total shape of the unlabeled gene-expression file: Rows = 167884 , Columns = 18966

------------------------------------------------------------
Sender: LSF System <lsfadmin@hpc.dtu.dk>
Subject: Job 19254128: <ReadData_archs4> in cluster <dcc> Done

Job <ReadData_archs4> was submitted from host <gbarlogin2> by user <s222766> in cluster <dcc> at Sun Nov 12 18:59:00 2023
Job was executed on host(s) <n-62-20-4>, in queue <gpuv100>, as user <s222766> in cluster <dcc> at Sun Nov 12 18:59:02 2023
</zhome/5a/4/181325> was used as the home directory.
</zhome/5a/4/181325/deep_learning> was used as the working directory.
Started at Sun Nov 12 18:59:02 2023
Terminated at Sun Nov 12 20:02:51 2023
Results reported at Sun Nov 12 20:02:51 2023

Your job looked like:

------------------------------------------------------------
# LSBATCH: User input
#!/bin/sh

#BSUB -q gpuv100
#BSUB -gpu "num=1"
#BSUB -J ReadData_archs4
#BSUB -n 1
#BSUB -W 24:00
#BSUB -R "rusage[mem=64GB]"
#BSUB -o ReadData_archs4_231112.out
#BSUB -e ReadData_archs4_231112.err

module load python3/3.6.2
python3 "231112_read_archs4.py"

------------------------------------------------------------

Successfully completed.

Resource usage summary:

    CPU time :                                   3419.86 sec.
    Max Memory :                                 158 MB
    Average Memory :                             127.39 MB
    Total Requested Memory :                     65536.00 MB
    Delta Memory :                               65378.00 MB
    Max Swap :                                   -
    Max Processes :                              4
    Max Threads :                                5
    Run time :                                   3886 sec.
    Turnaround time :                            3831 sec.

The output (if any) is above this job summary.



PS:

Read file <ReadData_archs4_231112.err> for stderr output of this job.

