/bin/bash: ./bsub_Autoencoder.sh: Permission denied

------------------------------------------------------------
Sender: LSF System <lsfadmin@hpc.dtu.dk>
Subject: Job 19767375: <NONAME> in cluster <dcc> Exited

Job <NONAME> was submitted from host <hpclogin1> by user <s222797> in cluster <dcc> at Wed Dec 13 13:38:41 2023
Job was executed on host(s) <n-62-31-1>, in queue <hpc>, as user <s222797> in cluster <dcc> at Wed Dec 13 13:38:42 2023
</zhome/e7/a/181331> was used as the home directory.
</zhome/e7/a/181331/deep_learning_project/final_scripts> was used as the working directory.
Started at Wed Dec 13 13:38:42 2023
Terminated at Wed Dec 13 13:38:44 2023
Results reported at Wed Dec 13 13:38:44 2023

Your job looked like:

------------------------------------------------------------
# LSBATCH: User input
bsub_Autoencoder.sh
------------------------------------------------------------

Exited with exit code 126.

Resource usage summary:

    CPU time :                                   0.24 sec.
    Max Memory :                                 -
    Average Memory :                             -
    Total Requested Memory :                     1024.00 MB
    Delta Memory :                               -
    Max Swap :                                   -
    Max Processes :                              -
    Max Threads :                                -
    Run time :                                   101 sec.
    Turnaround time :                            3 sec.

The output (if any) is above this job summary.

